<?xml version="1.0" encoding="UTF-8"?>
<!-- Generated by org.testng.reporters.JUnitXMLReporter -->
<testsuite hostname="Vijay" name="ScheduleSessionsTests" tests="21" failures="8" timestamp="13 Jun 2018 09:05:37 GMT" time="1349.961" errors="0">
  <testcase name="singleWorkoutSession" time="40.653" classname="dailychecklist.SingleWorkoutSession"/>
  <testcase name="GmailLogin" time="7.855" classname="dailychecklist.SingleWorkoutSession">
    <skipped/>
  </testcase> <!-- GmailLogin -->
  <testcase name="GmailLogin" time="7.811" classname="dailychecklist.SingleWorkoutSession">
    <failure type="java.lang.AssertionError" message="expected [Sign in - Google Accounts] but found [Dashboard]">
      <![CDATA[java.lang.AssertionError: expected [Sign in - Google Accounts] but found [Dashboard]
	at com.trainer.qa.module.actions.GmailAction.socialGmailLogin(GmailAction.java:40)
	at dailychecklist.SingleWorkoutSession.GmailLogin(SingleWorkoutSession.java:36)
... Removed 30 stack frames]]>
    </failure>
  </testcase> <!-- GmailLogin -->
  <testcase name="FacebookLogin" time="20.416" classname="dailychecklist.SingleWorkoutSession">
    <skipped/>
  </testcase> <!-- FacebookLogin -->
  <testcase name="FacebookLogin" time="20.337" classname="dailychecklist.SingleWorkoutSession">
    <failure type="org.openqa.selenium.NoSuchWindowException" message="no such window: window was already closed
  (Session info: chrome=67.0.3396.79)
  (Driver info: chromedriver=2.37.543627 (63642262d9fb93fb4ab52398be4286d844092a5e),platform=Windows NT 10.0.17134 x86_64) (WARNING: The server did not provide any stacktrace information)
Command duration or timeout: 1.03 seconds
Build info: version: &amp;apos;2.41.0&amp;apos;, revision: &amp;apos;3192d8a6c4449dc285928ba024779344f5423c58&amp;apos;, time: &amp;apos;2014-03-27 11:29:39&amp;apos;
System info: host: &amp;apos;Vijay&amp;apos;, ip: &amp;apos;192.168.100.102&amp;apos;, os.name: &amp;apos;Windows 10&amp;apos;, os.arch: &amp;apos;amd64&amp;apos;, os.version: &amp;apos;10.0&amp;apos;, java.version: &amp;apos;1.8.0_161&amp;apos;
Driver info: org.openqa.selenium.chrome.ChromeDriver
Capabilities [{applicationCacheEnabled=false, rotatable=false, mobileEmulationEnabled=false, networkConnectionEnabled=false, chrome={chromedriverVersion=2.37.543627 (63642262d9fb93fb4ab52398be4286d844092a5e), userDataDir=C:\Users\Vijay\AppData\Local\Temp\scoped_dir15100_7003}, takesHeapSnapshot=true, pageLoadStrategy=normal, databaseEnabled=false, handlesAlerts=true, hasTouchScreen=false, version=67.0.3396.79, platform=XP, browserConnectionEnabled=false, nativeEvents=true, acceptSslCerts=false, acceptInsecureCerts=false, locationContextEnabled=true, webStorageEnabled=true, browserName=chrome, takesScreenshot=true, javascriptEnabled=true, cssSelectorsEnabled=true, setWindowRect=true, unexpectedAlertBehaviour=}]
Session ID: cb2e633a81143d588049a54357d88db3">
      <![CDATA[org.openqa.selenium.NoSuchWindowException: no such window: window was already closed
  (Session info: chrome=67.0.3396.79)
  (Driver info: chromedriver=2.37.543627 (63642262d9fb93fb4ab52398be4286d844092a5e),platform=Windows NT 10.0.17134 x86_64) (WARNING: The server did not provide any stacktrace information)
Command duration or timeout: 1.03 seconds
Build info: version: '2.41.0', revision: '3192d8a6c4449dc285928ba024779344f5423c58', time: '2014-03-27 11:29:39'
System info: host: 'Vijay', ip: '192.168.100.102', os.name: 'Windows 10', os.arch: 'amd64', os.version: '10.0', java.version: '1.8.0_161'
Driver info: org.openqa.selenium.chrome.ChromeDriver
Capabilities [{applicationCacheEnabled=false, rotatable=false, mobileEmulationEnabled=false, networkConnectionEnabled=false, chrome={chromedriverVersion=2.37.543627 (63642262d9fb93fb4ab52398be4286d844092a5e), userDataDir=C:\Users\Vijay\AppData\Local\Temp\scoped_dir15100_7003}, takesHeapSnapshot=true, pageLoadStrategy=normal, databaseEnabled=false, handlesAlerts=true, hasTouchScreen=false, version=67.0.3396.79, platform=XP, browserConnectionEnabled=false, nativeEvents=true, acceptSslCerts=false, acceptInsecureCerts=false, locationContextEnabled=true, webStorageEnabled=true, browserName=chrome, takesScreenshot=true, javascriptEnabled=true, cssSelectorsEnabled=true, setWindowRect=true, unexpectedAlertBehaviour=}]
Session ID: cb2e633a81143d588049a54357d88db3
	at org.openqa.selenium.remote.ErrorHandler.createThrowable(ErrorHandler.java:193)
	at org.openqa.selenium.remote.ErrorHandler.throwIfResponseFailed(ErrorHandler.java:145)
	at org.openqa.selenium.remote.RemoteWebDriver.execute(RemoteWebDriver.java:595)
	at org.openqa.selenium.remote.RemoteWebDriver.execute(RemoteWebDriver.java:610)
	at org.openqa.selenium.remote.RemoteWebDriver.getTitle(RemoteWebDriver.java:309)
	at com.trainer.qa.module.actions.FacebookAction.socialFacebookLogin(FacebookAction.java:44)
	at dailychecklist.SingleWorkoutSession.FacebookLogin(SingleWorkoutSession.java:43)
... Removed 28 stack frames]]>
    </failure>
  </testcase> <!-- FacebookLogin -->
  <testcase name="singleWorkoutSession" time="51.775" classname="dailychecklist.DailyWorkoutSessionTest"/>
  <testcase name="FacebookLogin" time="20.314" classname="dailychecklist.DailyWorkoutSessionTest">
    <skipped/>
  </testcase> <!-- FacebookLogin -->
  <testcase name="FacebookLogin" time="20.431" classname="dailychecklist.DailyWorkoutSessionTest">
    <failure type="org.openqa.selenium.NoSuchWindowException" message="no such window: window was already closed
  (Session info: chrome=67.0.3396.79)
  (Driver info: chromedriver=2.37.543627 (63642262d9fb93fb4ab52398be4286d844092a5e),platform=Windows NT 10.0.17134 x86_64) (WARNING: The server did not provide any stacktrace information)
Command duration or timeout: 1.03 seconds
Build info: version: &amp;apos;2.41.0&amp;apos;, revision: &amp;apos;3192d8a6c4449dc285928ba024779344f5423c58&amp;apos;, time: &amp;apos;2014-03-27 11:29:39&amp;apos;
System info: host: &amp;apos;Vijay&amp;apos;, ip: &amp;apos;192.168.100.102&amp;apos;, os.name: &amp;apos;Windows 10&amp;apos;, os.arch: &amp;apos;amd64&amp;apos;, os.version: &amp;apos;10.0&amp;apos;, java.version: &amp;apos;1.8.0_161&amp;apos;
Driver info: org.openqa.selenium.chrome.ChromeDriver
Capabilities [{applicationCacheEnabled=false, rotatable=false, mobileEmulationEnabled=false, networkConnectionEnabled=false, chrome={chromedriverVersion=2.37.543627 (63642262d9fb93fb4ab52398be4286d844092a5e), userDataDir=C:\Users\Vijay\AppData\Local\Temp\scoped_dir1596_14293}, takesHeapSnapshot=true, pageLoadStrategy=normal, databaseEnabled=false, handlesAlerts=true, hasTouchScreen=false, version=67.0.3396.79, platform=XP, browserConnectionEnabled=false, nativeEvents=true, acceptSslCerts=false, acceptInsecureCerts=false, locationContextEnabled=true, webStorageEnabled=true, browserName=chrome, takesScreenshot=true, javascriptEnabled=true, cssSelectorsEnabled=true, setWindowRect=true, unexpectedAlertBehaviour=}]
Session ID: 8545e285d6965400613459e1acab833a">
      <![CDATA[org.openqa.selenium.NoSuchWindowException: no such window: window was already closed
  (Session info: chrome=67.0.3396.79)
  (Driver info: chromedriver=2.37.543627 (63642262d9fb93fb4ab52398be4286d844092a5e),platform=Windows NT 10.0.17134 x86_64) (WARNING: The server did not provide any stacktrace information)
Command duration or timeout: 1.03 seconds
Build info: version: '2.41.0', revision: '3192d8a6c4449dc285928ba024779344f5423c58', time: '2014-03-27 11:29:39'
System info: host: 'Vijay', ip: '192.168.100.102', os.name: 'Windows 10', os.arch: 'amd64', os.version: '10.0', java.version: '1.8.0_161'
Driver info: org.openqa.selenium.chrome.ChromeDriver
Capabilities [{applicationCacheEnabled=false, rotatable=false, mobileEmulationEnabled=false, networkConnectionEnabled=false, chrome={chromedriverVersion=2.37.543627 (63642262d9fb93fb4ab52398be4286d844092a5e), userDataDir=C:\Users\Vijay\AppData\Local\Temp\scoped_dir1596_14293}, takesHeapSnapshot=true, pageLoadStrategy=normal, databaseEnabled=false, handlesAlerts=true, hasTouchScreen=false, version=67.0.3396.79, platform=XP, browserConnectionEnabled=false, nativeEvents=true, acceptSslCerts=false, acceptInsecureCerts=false, locationContextEnabled=true, webStorageEnabled=true, browserName=chrome, takesScreenshot=true, javascriptEnabled=true, cssSelectorsEnabled=true, setWindowRect=true, unexpectedAlertBehaviour=}]
Session ID: 8545e285d6965400613459e1acab833a
	at org.openqa.selenium.remote.ErrorHandler.createThrowable(ErrorHandler.java:193)
	at org.openqa.selenium.remote.ErrorHandler.throwIfResponseFailed(ErrorHandler.java:145)
	at org.openqa.selenium.remote.RemoteWebDriver.execute(RemoteWebDriver.java:595)
	at org.openqa.selenium.remote.RemoteWebDriver.execute(RemoteWebDriver.java:610)
	at org.openqa.selenium.remote.RemoteWebDriver.getTitle(RemoteWebDriver.java:309)
	at com.trainer.qa.module.actions.FacebookAction.socialFacebookLogin(FacebookAction.java:44)
	at dailychecklist.DailyWorkoutSessionTest.FacebookLogin(DailyWorkoutSessionTest.java:46)
... Removed 28 stack frames]]>
    </failure>
  </testcase> <!-- FacebookLogin -->
  <testcase name="GmailLogin" time="7.806" classname="dailychecklist.DailyWorkoutSessionTest">
    <skipped/>
  </testcase> <!-- GmailLogin -->
  <testcase name="GmailLogin" time="7.815" classname="dailychecklist.DailyWorkoutSessionTest">
    <failure type="java.lang.AssertionError" message="expected [Sign in - Google Accounts] but found [Dashboard]">
      <![CDATA[java.lang.AssertionError: expected [Sign in - Google Accounts] but found [Dashboard]
	at com.trainer.qa.module.actions.GmailAction.socialGmailLogin(GmailAction.java:40)
	at dailychecklist.DailyWorkoutSessionTest.GmailLogin(DailyWorkoutSessionTest.java:39)
... Removed 30 stack frames]]>
    </failure>
  </testcase> <!-- GmailLogin -->
  <testcase name="singleWorkoutSession" time="55.467" classname="dailychecklist.WeeklyWorkoutSessionsTest"/>
  <testcase name="FacebookLogin" time="20.513" classname="dailychecklist.WeeklyWorkoutSessionsTest">
    <skipped/>
  </testcase> <!-- FacebookLogin -->
  <testcase name="FacebookLogin" time="20.471" classname="dailychecklist.WeeklyWorkoutSessionsTest">
    <failure type="org.openqa.selenium.NoSuchWindowException" message="no such window: window was already closed
  (Session info: chrome=67.0.3396.79)
  (Driver info: chromedriver=2.37.543627 (63642262d9fb93fb4ab52398be4286d844092a5e),platform=Windows NT 10.0.17134 x86_64) (WARNING: The server did not provide any stacktrace information)
Command duration or timeout: 1.01 seconds
Build info: version: &amp;apos;2.41.0&amp;apos;, revision: &amp;apos;3192d8a6c4449dc285928ba024779344f5423c58&amp;apos;, time: &amp;apos;2014-03-27 11:29:39&amp;apos;
System info: host: &amp;apos;Vijay&amp;apos;, ip: &amp;apos;192.168.100.102&amp;apos;, os.name: &amp;apos;Windows 10&amp;apos;, os.arch: &amp;apos;amd64&amp;apos;, os.version: &amp;apos;10.0&amp;apos;, java.version: &amp;apos;1.8.0_161&amp;apos;
Driver info: org.openqa.selenium.chrome.ChromeDriver
Capabilities [{applicationCacheEnabled=false, rotatable=false, mobileEmulationEnabled=false, networkConnectionEnabled=false, chrome={chromedriverVersion=2.37.543627 (63642262d9fb93fb4ab52398be4286d844092a5e), userDataDir=C:\Users\Vijay\AppData\Local\Temp\scoped_dir9460_21036}, takesHeapSnapshot=true, pageLoadStrategy=normal, databaseEnabled=false, handlesAlerts=true, hasTouchScreen=false, version=67.0.3396.79, platform=XP, browserConnectionEnabled=false, nativeEvents=true, acceptSslCerts=false, acceptInsecureCerts=false, locationContextEnabled=true, webStorageEnabled=true, browserName=chrome, takesScreenshot=true, javascriptEnabled=true, cssSelectorsEnabled=true, setWindowRect=true, unexpectedAlertBehaviour=}]
Session ID: 5d9614f70417fad9c330a484a22d1291">
      <![CDATA[org.openqa.selenium.NoSuchWindowException: no such window: window was already closed
  (Session info: chrome=67.0.3396.79)
  (Driver info: chromedriver=2.37.543627 (63642262d9fb93fb4ab52398be4286d844092a5e),platform=Windows NT 10.0.17134 x86_64) (WARNING: The server did not provide any stacktrace information)
Command duration or timeout: 1.01 seconds
Build info: version: '2.41.0', revision: '3192d8a6c4449dc285928ba024779344f5423c58', time: '2014-03-27 11:29:39'
System info: host: 'Vijay', ip: '192.168.100.102', os.name: 'Windows 10', os.arch: 'amd64', os.version: '10.0', java.version: '1.8.0_161'
Driver info: org.openqa.selenium.chrome.ChromeDriver
Capabilities [{applicationCacheEnabled=false, rotatable=false, mobileEmulationEnabled=false, networkConnectionEnabled=false, chrome={chromedriverVersion=2.37.543627 (63642262d9fb93fb4ab52398be4286d844092a5e), userDataDir=C:\Users\Vijay\AppData\Local\Temp\scoped_dir9460_21036}, takesHeapSnapshot=true, pageLoadStrategy=normal, databaseEnabled=false, handlesAlerts=true, hasTouchScreen=false, version=67.0.3396.79, platform=XP, browserConnectionEnabled=false, nativeEvents=true, acceptSslCerts=false, acceptInsecureCerts=false, locationContextEnabled=true, webStorageEnabled=true, browserName=chrome, takesScreenshot=true, javascriptEnabled=true, cssSelectorsEnabled=true, setWindowRect=true, unexpectedAlertBehaviour=}]
Session ID: 5d9614f70417fad9c330a484a22d1291
	at org.openqa.selenium.remote.ErrorHandler.createThrowable(ErrorHandler.java:193)
	at org.openqa.selenium.remote.ErrorHandler.throwIfResponseFailed(ErrorHandler.java:145)
	at org.openqa.selenium.remote.RemoteWebDriver.execute(RemoteWebDriver.java:595)
	at org.openqa.selenium.remote.RemoteWebDriver.execute(RemoteWebDriver.java:610)
	at org.openqa.selenium.remote.RemoteWebDriver.getTitle(RemoteWebDriver.java:309)
	at com.trainer.qa.module.actions.FacebookAction.socialFacebookLogin(FacebookAction.java:44)
	at dailychecklist.WeeklyWorkoutSessionsTest.FacebookLogin(WeeklyWorkoutSessionsTest.java:43)
... Removed 28 stack frames]]>
    </failure>
  </testcase> <!-- FacebookLogin -->
  <testcase name="GmailLogin" time="7.861" classname="dailychecklist.WeeklyWorkoutSessionsTest">
    <skipped/>
  </testcase> <!-- GmailLogin -->
  <testcase name="GmailLogin" time="12.994" classname="dailychecklist.WeeklyWorkoutSessionsTest">
    <failure type="java.lang.AssertionError" message="expected [Sign in - Google Accounts] but found [Dashboard]">
      <![CDATA[java.lang.AssertionError: expected [Sign in - Google Accounts] but found [Dashboard]
	at com.trainer.qa.module.actions.GmailAction.socialGmailLogin(GmailAction.java:40)
	at dailychecklist.WeeklyWorkoutSessionsTest.GmailLogin(WeeklyWorkoutSessionsTest.java:36)
... Removed 30 stack frames]]>
    </failure>
  </testcase> <!-- GmailLogin -->
  <testcase name="TrainerLogin" time="28.484" classname="dailychecklist.CustomWorkoutSessionsTest">
    <skipped/>
  </testcase> <!-- TrainerLogin -->
  <testcase name="TrainerLogin" time="53.401" classname="dailychecklist.CustomWorkoutSessionsTest"/>
  <testcase name="GmailLogin" time="7.876" classname="dailychecklist.CustomWorkoutSessionsTest">
    <skipped/>
  </testcase> <!-- GmailLogin -->
  <testcase name="GmailLogin" time="7.94" classname="dailychecklist.CustomWorkoutSessionsTest">
    <failure type="java.lang.AssertionError" message="expected [Sign in - Google Accounts] but found [Dashboard]">
      <![CDATA[java.lang.AssertionError: expected [Sign in - Google Accounts] but found [Dashboard]
	at com.trainer.qa.module.actions.GmailAction.socialGmailLogin(GmailAction.java:40)
	at dailychecklist.CustomWorkoutSessionsTest.GmailLogin(CustomWorkoutSessionsTest.java:36)
... Removed 30 stack frames]]>
    </failure>
  </testcase> <!-- GmailLogin -->
  <testcase name="FacebookLogin" time="20.583" classname="dailychecklist.CustomWorkoutSessionsTest">
    <skipped/>
  </testcase> <!-- FacebookLogin -->
  <testcase name="FacebookLogin" time="20.395" classname="dailychecklist.CustomWorkoutSessionsTest">
    <failure type="org.openqa.selenium.NoSuchWindowException" message="no such window: window was already closed
  (Session info: chrome=67.0.3396.79)
  (Driver info: chromedriver=2.37.543627 (63642262d9fb93fb4ab52398be4286d844092a5e),platform=Windows NT 10.0.17134 x86_64) (WARNING: The server did not provide any stacktrace information)
Command duration or timeout: 1.03 seconds
Build info: version: &amp;apos;2.41.0&amp;apos;, revision: &amp;apos;3192d8a6c4449dc285928ba024779344f5423c58&amp;apos;, time: &amp;apos;2014-03-27 11:29:39&amp;apos;
System info: host: &amp;apos;Vijay&amp;apos;, ip: &amp;apos;192.168.100.102&amp;apos;, os.name: &amp;apos;Windows 10&amp;apos;, os.arch: &amp;apos;amd64&amp;apos;, os.version: &amp;apos;10.0&amp;apos;, java.version: &amp;apos;1.8.0_161&amp;apos;
Driver info: org.openqa.selenium.chrome.ChromeDriver
Capabilities [{applicationCacheEnabled=false, rotatable=false, mobileEmulationEnabled=false, networkConnectionEnabled=false, chrome={chromedriverVersion=2.37.543627 (63642262d9fb93fb4ab52398be4286d844092a5e), userDataDir=C:\Users\Vijay\AppData\Local\Temp\scoped_dir4968_16528}, takesHeapSnapshot=true, pageLoadStrategy=normal, databaseEnabled=false, handlesAlerts=true, hasTouchScreen=false, version=67.0.3396.79, platform=XP, browserConnectionEnabled=false, nativeEvents=true, acceptSslCerts=false, acceptInsecureCerts=false, locationContextEnabled=true, webStorageEnabled=true, browserName=chrome, takesScreenshot=true, javascriptEnabled=true, cssSelectorsEnabled=true, setWindowRect=true, unexpectedAlertBehaviour=}]
Session ID: 77302e46953a899b22fb80035bd3d90e">
      <![CDATA[org.openqa.selenium.NoSuchWindowException: no such window: window was already closed
  (Session info: chrome=67.0.3396.79)
  (Driver info: chromedriver=2.37.543627 (63642262d9fb93fb4ab52398be4286d844092a5e),platform=Windows NT 10.0.17134 x86_64) (WARNING: The server did not provide any stacktrace information)
Command duration or timeout: 1.03 seconds
Build info: version: '2.41.0', revision: '3192d8a6c4449dc285928ba024779344f5423c58', time: '2014-03-27 11:29:39'
System info: host: 'Vijay', ip: '192.168.100.102', os.name: 'Windows 10', os.arch: 'amd64', os.version: '10.0', java.version: '1.8.0_161'
Driver info: org.openqa.selenium.chrome.ChromeDriver
Capabilities [{applicationCacheEnabled=false, rotatable=false, mobileEmulationEnabled=false, networkConnectionEnabled=false, chrome={chromedriverVersion=2.37.543627 (63642262d9fb93fb4ab52398be4286d844092a5e), userDataDir=C:\Users\Vijay\AppData\Local\Temp\scoped_dir4968_16528}, takesHeapSnapshot=true, pageLoadStrategy=normal, databaseEnabled=false, handlesAlerts=true, hasTouchScreen=false, version=67.0.3396.79, platform=XP, browserConnectionEnabled=false, nativeEvents=true, acceptSslCerts=false, acceptInsecureCerts=false, locationContextEnabled=true, webStorageEnabled=true, browserName=chrome, takesScreenshot=true, javascriptEnabled=true, cssSelectorsEnabled=true, setWindowRect=true, unexpectedAlertBehaviour=}]
Session ID: 77302e46953a899b22fb80035bd3d90e
	at org.openqa.selenium.remote.ErrorHandler.createThrowable(ErrorHandler.java:193)
	at org.openqa.selenium.remote.ErrorHandler.throwIfResponseFailed(ErrorHandler.java:145)
	at org.openqa.selenium.remote.RemoteWebDriver.execute(RemoteWebDriver.java:595)
	at org.openqa.selenium.remote.RemoteWebDriver.execute(RemoteWebDriver.java:610)
	at org.openqa.selenium.remote.RemoteWebDriver.getTitle(RemoteWebDriver.java:309)
	at com.trainer.qa.module.actions.FacebookAction.socialFacebookLogin(FacebookAction.java:44)
	at dailychecklist.CustomWorkoutSessionsTest.FacebookLogin(CustomWorkoutSessionsTest.java:43)
... Removed 28 stack frames]]>
    </failure>
  </testcase> <!-- FacebookLogin -->
</testsuite> <!-- ScheduleSessionsTests -->
